[2025-04-11 19:27:18] [INFO] Starting transaction for user 6
[2025-04-11 19:27:18] [INFO] Processing skill assessment for user 6
[2025-04-11 19:27:18] [INFO] Deleted existing skills for user 6
[2025-04-11 19:27:18] [INFO] Inserted new skills for user 6
[2025-04-11 19:27:18] [INFO] Successfully completed skill assessment for user 6
[2025-04-11 19:27:18] [INFO] Successfully committed transaction for user 6
[2025-04-11 19:27:50] [INFO] Starting transaction for user 6
[2025-04-11 19:27:50] [INFO] Processing resume upload for user 6
[2025-04-11 19:27:50] [INFO] Successfully uploaded resume for user 6
[2025-04-11 19:27:50] [INFO] Successfully committed transaction for user 6
[2025-04-11 19:29:06] [INFO] Starting transaction for user 6
[2025-04-11 19:29:06] [INFO] Processing course addition for user 6
[2025-04-11 19:29:06] [INFO] Successfully added course for user 6
[2025-04-11 19:29:06] [INFO] Successfully committed transaction for user 6
[2025-04-12 03:41:03] [INFO] Starting transaction for user 7
[2025-04-12 03:41:03] [INFO] Processing skill assessment for user 7
[2025-04-12 03:41:03] [INFO] Deleted existing skills for user 7
[2025-04-12 03:41:03] [INFO] Inserted new skills for user 7
[2025-04-12 03:41:03] [INFO] Successfully completed skill assessment for user 7
[2025-04-12 03:41:03] [INFO] Successfully committed transaction for user 7
[2025-04-12 03:56:13] [INFO] Starting transaction for user 7
[2025-04-12 03:56:13] [INFO] Processing resume upload for user 7
[2025-04-12 03:56:13] [INFO] Successfully uploaded resume for user 7
[2025-04-12 03:56:13] [INFO] Successfully committed transaction for user 7
[2025-04-12 03:58:35] [INFO] Starting transaction for user 7
[2025-04-12 03:58:35] [INFO] Processing course addition for user 7
[2025-04-12 03:58:35] [INFO] Successfully added course for user 7
[2025-04-12 03:58:35] [INFO] Successfully committed transaction for user 7
[2025-04-12 06:45:59] [INFO] Starting transaction for user 7
[2025-04-12 06:45:59] [INFO] Processing course addition for user 7
[2025-04-12 06:45:59] [INFO] Successfully added course for user 7
[2025-04-12 06:45:59] [INFO] Successfully committed transaction for user 7
[2025-04-12 07:41:20] [INFO] Starting transaction for user 8
[2025-04-12 07:41:20] [INFO] Processing skill assessment for user 8
[2025-04-12 07:41:20] [INFO] Deleted existing skills for user 8
[2025-04-12 07:41:20] [INFO] Inserted new skills for user 8
[2025-04-12 07:41:20] [INFO] Successfully completed skill assessment for user 8
[2025-04-12 07:41:20] [INFO] Successfully committed transaction for user 8
[2025-04-12 07:45:37] [INFO] Starting transaction for user 8
[2025-04-12 07:45:37] [INFO] Processing resume upload for user 8
[2025-04-12 07:45:37] [INFO] Successfully uploaded resume for user 8
[2025-04-12 07:45:37] [INFO] Successfully committed transaction for user 8
[2025-04-12 07:46:03] [INFO] Starting transaction for user 8
[2025-04-12 07:46:03] [INFO] Processing course addition for user 8
[2025-04-12 07:46:03] [INFO] Successfully added course for user 8
[2025-04-12 07:46:03] [INFO] Successfully committed transaction for user 8
[2025-04-12 07:56:02] [INFO] Starting transaction for user 8
[2025-04-12 07:56:02] [INFO] Processing skill assessment for user 8
[2025-04-12 07:56:02] [INFO] Deleted existing skills for user 8
[2025-04-12 07:56:02] [INFO] Inserted new skills for user 8
[2025-04-12 07:56:02] [INFO] Successfully completed skill assessment for user 8
[2025-04-12 07:56:02] [INFO] Successfully committed transaction for user 8
